<?xml version="1.0" encoding="UTF-8"?>
<!-- Generated by org.testng.reporters.JUnitXMLReporter -->
<testsuite ignored="2" hostname="FARMAN-VM" failures="0" tests="5" name="Test" time="674.549" errors="0" timestamp="2022-06-22T16:14:04 PKT">
  <testcase classname="Nimbus.Demotest.Tsetcase1" name="Verfy_Nimbus_page_Title" time="1.052"/>
  <testcase classname="Nimbus.Demotest.Tsetcase1" name="Verfy_login_Nimbus" time="85.338"/>
  <testcase classname="Nimbus.Demotest.Item_Def" name="Verify_to_Define_new_item" time="134.934"/>
  <testcase classname="Nimbus.Demotest.Item_Def" name="Verify_to_Update_newley_Defined_item" time="104.039"/>
  <testcase classname="Nimbus.Demotest.Item_Def" name="Verify_to_Delete_newley_Defined_item" time="106.408"/>
  <testcase classname="Nimbus.Demotest.BaseClass" name="@AfterSuite Teadown" time="0.0">
    <ignored/>
  </testcase> <!-- @AfterSuite Teadown -->
  <testcase classname="Nimbus.Demotest.BaseClass" name="@BeforeSuite StratReport" time="0.0">
    <ignored/>
  </testcase> <!-- @BeforeSuite StratReport -->
</testsuite> <!-- Test -->
