<?xml version="1.0" encoding="UTF-8"?>
<!-- Generated by org.testng.reporters.JUnitXMLReporter -->
<testsuite ignored="1" hostname="FARMAN-VM" failures="0" tests="4" name="Test" time="370.573" errors="0" timestamp="2022-06-16T12:34:03 PKT">
  <testcase classname="Nimbus.Demotest.Tsetcase1" name="Verfy_Nimbus_page_Title" time="1.037"/>
  <testcase classname="Nimbus.Demotest.Tsetcase1" name="Verfy_login_Nimbus" time="83.957"/>
  <testcase classname="Nimbus.Demotest.Item_Def" name="Verify_to_Define_new_item" time="69.882"/>
  <testcase classname="Nimbus.Demotest.Item_Def" name="Verify_to_Delete_newley_Defined_item" time="77.346"/>
  <testcase classname="Nimbus.Demotest.Item_Def" name="Verify_to_Update_newley_Defined_item" time="0.0">
    <ignored/>
  </testcase> <!-- Verify_to_Update_newley_Defined_item -->
</testsuite> <!-- Test -->
